14:37:14 **** Incremental Build of configuration Nios II for project blinky-sw ****
make all 
Info: Building ../blinky-sw_bsp/
C:/intelFPGA/18.0/nios2eds/bin/gnu/H-x86_64-mingw32/bin/make --no-print-directory -C ../blinky-sw_bsp/
[BSP build complete]
Info: Compiling blinky.c to obj/default/blinky.o
nios2-elf-gcc -xc -MP -MMD -c -I../blinky-sw_bsp//HAL/inc -I../blinky-sw_bsp/ -I../blinky-sw_bsp//drivers/inc  -pipe -D__hal__ -DALT_NO_INSTRUCTION_EMULATION -DALT_SINGLE_THREADED    -O0 -g -Wall   -mno-hw-div -mno-hw-mul -mno-hw-mulx -mgpopt=global  -o obj/default/blinky.o blinky.c
blinky.c: In function 'main':
blinky.c:89:3: warning: implicit declaration of function 'update_GLED' [-Wimplicit-function-declaration]
   update_GLED(IORD_ALTERA_AVALON_PIO_DATA(KEYS_BASE));
   ^
blinky.c:90:3: warning: implicit declaration of function 'update_RLED' [-Wimplicit-function-declaration]
   update_RLED(IORD_ALTERA_AVALON_PIO_DATA(SWITCHES_BASE));
   ^
blinky.c:66:6: warning: unused variable 'card_val' [-Wunused-variable]
  int card_val;
      ^
blinky.c:64:6: warning: unused variable 'led_pattern' [-Wunused-variable]
  int led_pattern=0x0;
      ^
blinky.c:63:6: warning: unused variable 'delay' [-Wunused-variable]
  int delay;
      ^
blinky.c:62:6: warning: unused variable 'key_data' [-Wunused-variable]
  int key_data;
      ^
blinky.c:61:6: warning: unused variable 'switch_data' [-Wunused-variable]
  int switch_data;
      ^
blinky.c: At top level:
blinky.c:108:6: warning: conflicting types for 'update_GLED'
 void update_GLED(int key_data){
      ^
blinky.c:89:3: note: previous implicit declaration of 'update_GLED' was here
   update_GLED(IORD_ALTERA_AVALON_PIO_DATA(KEYS_BASE));
   ^
blinky.c:127:6: warning: conflicting types for 'update_RLED'
 void update_RLED(int switch_data) {
      ^
blinky.c:90:3: note: previous implicit declaration of 'update_RLED' was here
   update_RLED(IORD_ALTERA_AVALON_PIO_DATA(SWITCHES_BASE));
   ^
blinky.c: In function 'generateRandomCard':
blinky.c:258:9: warning: implicit declaration of function 'abs' [-Wimplicit-function-declaration]
  return abs(random_num %52);
         ^
Info: Linking blinky-sw.elf
nios2-elf-g++  -T'../blinky-sw_bsp//linker.x' -msys-crt0='../blinky-sw_bsp//obj/HAL/src/crt0.o' -msys-lib=hal_bsp -L../blinky-sw_bsp/   -Wl,-Map=blinky-sw.map   -O0 -g -Wall   -mno-hw-div -mno-hw-mul -mno-hw-mulx -mgpopt=global  -o blinky-sw.elf obj/default/blinky.o -lm -msys-lib=m
nios2-elf-insert blinky-sw.elf --thread_model hal --cpu_name cpu --qsys true --simulation_enabled false --stderr_dev jtag_uart --stdin_dev jtag_uart --stdout_dev jtag_uart --sopc_system_name blinky --quartus_project_dir "C:/Users/nlinthacum/Desktop/NIOSII_Project_CPEN_430" --jdi ../..//output_files/chip.jdi --sopcinfo C:/Users/nlinthacum/Desktop/NIOSII_Project_CPEN_430/software/blinky-sw_bsp/../../blinky.sopcinfo
Info: (blinky-sw.elf) 31 KBytes program size (code + initialized data).
Info:                 26 KBytes free for stack + heap.
Info: Creating blinky-sw.objdump
nios2-elf-objdump --disassemble --syms --all-header --source blinky-sw.elf >blinky-sw.objdump
[blinky-sw build complete]

14:37:16 Build Finished (took 1s.532ms)

