13:31:22 **** Incremental Build of configuration Nios II for project blinky-sw_bsp ****
make all 
Compiling alt_alarm_start.c...
nios2-elf-gcc -xc -MP -MMD -c  -I./HAL/inc -I. -I./drivers/inc -pipe -D__hal__ -DALT_NO_INSTRUCTION_EMULATION -DALT_SINGLE_THREADED    -O0 -g -Wall  -mno-hw-div -mno-hw-mul -mno-hw-mulx -mgpopt=global   -o obj/HAL/src/alt_alarm_start.o HAL/src/alt_alarm_start.c
Compiling alt_busy_sleep.c...
nios2-elf-gcc -xc -MP -MMD -c  -I./HAL/inc -I. -I./drivers/inc -pipe -D__hal__ -DALT_NO_INSTRUCTION_EMULATION -DALT_SINGLE_THREADED    -O0 -g -Wall  -mno-hw-div -mno-hw-mul -mno-hw-mulx -mgpopt=global   -o obj/HAL/src/alt_busy_sleep.o HAL/src/alt_busy_sleep.c
Compiling alt_close.c...
nios2-elf-gcc -xc -MP -MMD -c  -I./HAL/inc -I. -I./drivers/inc -pipe -D__hal__ -DALT_NO_INSTRUCTION_EMULATION -DALT_SINGLE_THREADED    -O0 -g -Wall  -mno-hw-div -mno-hw-mul -mno-hw-mulx -mgpopt=global   -o obj/HAL/src/alt_close.o HAL/src/alt_close.c
Compiling alt_dcache_flush.c...
nios2-elf-gcc -xc -MP -MMD -c  -I./HAL/inc -I. -I./drivers/inc -pipe -D__hal__ -DALT_NO_INSTRUCTION_EMULATION -DALT_SINGLE_THREADED    -O0 -g -Wall  -mno-hw-div -mno-hw-mul -mno-hw-mulx -mgpopt=global   -o obj/HAL/src/alt_dcache_flush.o HAL/src/alt_dcache_flush.c
Compiling alt_dcache_flush_all.c...
nios2-elf-gcc -xc -MP -MMD -c  -I./HAL/inc -I. -I./drivers/inc -pipe -D__hal__ -DALT_NO_INSTRUCTION_EMULATION -DALT_SINGLE_THREADED    -O0 -g -Wall  -mno-hw-div -mno-hw-mul -mno-hw-mulx -mgpopt=global   -o obj/HAL/src/alt_dcache_flush_all.o HAL/src/alt_dcache_flush_all.c
Compiling alt_dcache_flush_no_writeback.c...
nios2-elf-gcc -xc -MP -MMD -c  -I./HAL/inc -I. -I./drivers/inc -pipe -D__hal__ -DALT_NO_INSTRUCTION_EMULATION -DALT_SINGLE_THREADED    -O0 -g -Wall  -mno-hw-div -mno-hw-mul -mno-hw-mulx -mgpopt=global   -o obj/HAL/src/alt_dcache_flush_no_writeback.o HAL/src/alt_dcache_flush_no_writeback.c
Compiling alt_dev.c...
nios2-elf-gcc -xc -MP -MMD -c  -I./HAL/inc -I. -I./drivers/inc -pipe -D__hal__ -DALT_NO_INSTRUCTION_EMULATION -DALT_SINGLE_THREADED    -O0 -g -Wall  -mno-hw-div -mno-hw-mul -mno-hw-mulx -mgpopt=global   -o obj/HAL/src/alt_dev.o HAL/src/alt_dev.c
Compiling alt_dma_rxchan_open.c...
nios2-elf-gcc -xc -MP -MMD -c  -I./HAL/inc -I. -I./drivers/inc -pipe -D__hal__ -DALT_NO_INSTRUCTION_EMULATION -DALT_SINGLE_THREADED    -O0 -g -Wall  -mno-hw-div -mno-hw-mul -mno-hw-mulx -mgpopt=global   -o obj/HAL/src/alt_dma_rxchan_open.o HAL/src/alt_dma_rxchan_open.c
Compiling alt_dma_txchan_open.c...
nios2-elf-gcc -xc -MP -MMD -c  -I./HAL/inc -I. -I./drivers/inc -pipe -D__hal__ -DALT_NO_INSTRUCTION_EMULATION -DALT_SINGLE_THREADED    -O0 -g -Wall  -mno-hw-div -mno-hw-mul -mno-hw-mulx -mgpopt=global   -o obj/HAL/src/alt_dma_txchan_open.o HAL/src/alt_dma_txchan_open.c
Compiling alt_ecc_fatal_exception.c...
nios2-elf-gcc -xc -MP -MMD -c  -I./HAL/inc -I. -I./drivers/inc -pipe -D__hal__ -DALT_NO_INSTRUCTION_EMULATION -DALT_SINGLE_THREADED    -O0 -g -Wall  -mno-hw-div -mno-hw-mul -mno-hw-mulx -mgpopt=global   -o obj/HAL/src/alt_ecc_fatal_exception.o HAL/src/alt_ecc_fatal_exception.c
Compiling alt_exception_entry.S...
nios2-elf-gcc -MP -MMD -c   -O0 -g -Wall  -mno-hw-div -mno-hw-mul -mno-hw-mulx -mgpopt=global    -I./HAL/inc -I. -I./drivers/inc -pipe -D__hal__ -DALT_NO_INSTRUCTION_EMULATION -DALT_SINGLE_THREADED  -Wa,-gdwarf2  -o obj/HAL/src/alt_exception_entry.o HAL/src/alt_exception_entry.S
Compiling alt_exit.c...
nios2-elf-gcc -xc -MP -MMD -c  -I./HAL/inc -I. -I./drivers/inc -pipe -D__hal__ -DALT_NO_INSTRUCTION_EMULATION -DALT_SINGLE_THREADED    -O0 -g -Wall  -mno-hw-div -mno-hw-mul -mno-hw-mulx -mgpopt=global   -o obj/HAL/src/alt_exit.o HAL/src/alt_exit.c
Compiling alt_fcntl.c...
nios2-elf-gcc -xc -MP -MMD -c  -I./HAL/inc -I. -I./drivers/inc -pipe -D__hal__ -DALT_NO_INSTRUCTION_EMULATION -DALT_SINGLE_THREADED    -O0 -g -Wall  -mno-hw-div -mno-hw-mul -mno-hw-mulx -mgpopt=global   -o obj/HAL/src/alt_fcntl.o HAL/src/alt_fcntl.c
Compiling alt_fd_lock.c...
nios2-elf-gcc -xc -MP -MMD -c  -I./HAL/inc -I. -I./drivers/inc -pipe -D__hal__ -DALT_NO_INSTRUCTION_EMULATION -DALT_SINGLE_THREADED    -O0 -g -Wall  -mno-hw-div -mno-hw-mul -mno-hw-mulx -mgpopt=global   -o obj/HAL/src/alt_fd_lock.o HAL/src/alt_fd_lock.c
Compiling alt_fd_unlock.c...
nios2-elf-gcc -xc -MP -MMD -c  -I./HAL/inc -I. -I./drivers/inc -pipe -D__hal__ -DALT_NO_INSTRUCTION_EMULATION -DALT_SINGLE_THREADED    -O0 -g -Wall  -mno-hw-div -mno-hw-mul -mno-hw-mulx -mgpopt=global   -o obj/HAL/src/alt_fd_unlock.o HAL/src/alt_fd_unlock.c
Compiling alt_find_dev.c...
nios2-elf-gcc -xc -MP -MMD -c  -I./HAL/inc -I. -I./drivers/inc -pipe -D__hal__ -DALT_NO_INSTRUCTION_EMULATION -DALT_SINGLE_THREADED    -O0 -g -Wall  -mno-hw-div -mno-hw-mul -mno-hw-mulx -mgpopt=global   -o obj/HAL/src/alt_find_dev.o HAL/src/alt_find_dev.c
Compiling alt_find_file.c...
nios2-elf-gcc -xc -MP -MMD -c  -I./HAL/inc -I. -I./drivers/inc -pipe -D__hal__ -DALT_NO_INSTRUCTION_EMULATION -DALT_SINGLE_THREADED    -O0 -g -Wall  -mno-hw-div -mno-hw-mul -mno-hw-mulx -mgpopt=global   -o obj/HAL/src/alt_find_file.o HAL/src/alt_find_file.c
Compiling alt_flash_dev.c...
nios2-elf-gcc -xc -MP -MMD -c  -I./HAL/inc -I. -I./drivers/inc -pipe -D__hal__ -DALT_NO_INSTRUCTION_EMULATION -DALT_SINGLE_THREADED    -O0 -g -Wall  -mno-hw-div -mno-hw-mul -mno-hw-mulx -mgpopt=global   -o obj/HAL/src/alt_flash_dev.o HAL/src/alt_flash_dev.c
Compiling alt_fs_reg.c...
nios2-elf-gcc -xc -MP -MMD -c  -I./HAL/inc -I. -I./drivers/inc -pipe -D__hal__ -DALT_NO_INSTRUCTION_EMULATION -DALT_SINGLE_THREADED    -O0 -g -Wall  -mno-hw-div -mno-hw-mul -mno-hw-mulx -mgpopt=global   -o obj/HAL/src/alt_fs_reg.o HAL/src/alt_fs_reg.c
Compiling alt_fstat.c...
nios2-elf-gcc -xc -MP -MMD -c  -I./HAL/inc -I. -I./drivers/inc -pipe -D__hal__ -DALT_NO_INSTRUCTION_EMULATION -DALT_SINGLE_THREADED    -O0 -g -Wall  -mno-hw-div -mno-hw-mul -mno-hw-mulx -mgpopt=global   -o obj/HAL/src/alt_fstat.o HAL/src/alt_fstat.c
Compiling alt_get_fd.c...
nios2-elf-gcc -xc -MP -MMD -c  -I./HAL/inc -I. -I./drivers/inc -pipe -D__hal__ -DALT_NO_INSTRUCTION_EMULATION -DALT_SINGLE_THREADED    -O0 -g -Wall  -mno-hw-div -mno-hw-mul -mno-hw-mulx -mgpopt=global   -o obj/HAL/src/alt_get_fd.o HAL/src/alt_get_fd.c
Compiling alt_gmon.c...
nios2-elf-gcc -xc -MP -MMD -c  -I./HAL/inc -I. -I./drivers/inc -pipe -D__hal__ -DALT_NO_INSTRUCTION_EMULATION -DALT_SINGLE_THREADED    -O0 -g -Wall  -mno-hw-div -mno-hw-mul -mno-hw-mulx -mgpopt=global   -o obj/HAL/src/alt_gmon.o HAL/src/alt_gmon.c
Compiling alt_icache_flush.c...
nios2-elf-gcc -xc -MP -MMD -c  -I./HAL/inc -I. -I./drivers/inc -pipe -D__hal__ -DALT_NO_INSTRUCTION_EMULATION -DALT_SINGLE_THREADED    -O0 -g -Wall  -mno-hw-div -mno-hw-mul -mno-hw-mulx -mgpopt=global   -o obj/HAL/src/alt_icache_flush.o HAL/src/alt_icache_flush.c
Compiling alt_icache_flush_all.c...
nios2-elf-gcc -xc -MP -MMD -c  -I./HAL/inc -I. -I./drivers/inc -pipe -D__hal__ -DALT_NO_INSTRUCTION_EMULATION -DALT_SINGLE_THREADED    -O0 -g -Wall  -mno-hw-div -mno-hw-mul -mno-hw-mulx -mgpopt=global   -o obj/HAL/src/alt_icache_flush_all.o HAL/src/alt_icache_flush_all.c
Compiling alt_iic.c...
nios2-elf-gcc -xc -MP -MMD -c  -I./HAL/inc -I. -I./drivers/inc -pipe -D__hal__ -DALT_NO_INSTRUCTION_EMULATION -DALT_SINGLE_THREADED    -O0 -g -Wall  -mno-hw-div -mno-hw-mul -mno-hw-mulx -mgpopt=global   -o obj/HAL/src/alt_iic.o HAL/src/alt_iic.c
Compiling alt_iic_isr_register.c...
nios2-elf-gcc -xc -MP -MMD -c  -I./HAL/inc -I. -I./drivers/inc -pipe -D__hal__ -DALT_NO_INSTRUCTION_EMULATION -DALT_SINGLE_THREADED    -O0 -g -Wall  -mno-hw-div -mno-hw-mul -mno-hw-mulx -mgpopt=global   -o obj/HAL/src/alt_iic_isr_register.o HAL/src/alt_iic_isr_register.c
Compiling alt_instruction_exception_entry.c...
nios2-elf-gcc -xc -MP -MMD -c  -I./HAL/inc -I. -I./drivers/inc -pipe -D__hal__ -DALT_NO_INSTRUCTION_EMULATION -DALT_SINGLE_THREADED    -O0 -g -Wall  -mno-hw-div -mno-hw-mul -mno-hw-mulx -mgpopt=global   -o obj/HAL/src/alt_instruction_exception_entry.o HAL/src/alt_instruction_exception_entry.c
Compiling alt_instruction_exception_register.c...
nios2-elf-gcc -xc -MP -MMD -c  -I./HAL/inc -I. -I./drivers/inc -pipe -D__hal__ -DALT_NO_INSTRUCTION_EMULATION -DALT_SINGLE_THREADED    -O0 -g -Wall  -mno-hw-div -mno-hw-mul -mno-hw-mulx -mgpopt=global   -o obj/HAL/src/alt_instruction_exception_register.o HAL/src/alt_instruction_exception_register.c
Compiling alt_io_redirect.c...
nios2-elf-gcc -xc -MP -MMD -c  -I./HAL/inc -I. -I./drivers/inc -pipe -D__hal__ -DALT_NO_INSTRUCTION_EMULATION -DALT_SINGLE_THREADED    -O0 -g -Wall  -mno-hw-div -mno-hw-mul -mno-hw-mulx -mgpopt=global   -o obj/HAL/src/alt_io_redirect.o HAL/src/alt_io_redirect.c
Compiling alt_ioctl.c...
nios2-elf-gcc -xc -MP -MMD -c  -I./HAL/inc -I. -I./drivers/inc -pipe -D__hal__ -DALT_NO_INSTRUCTION_EMULATION -DALT_SINGLE_THREADED    -O0 -g -Wall  -mno-hw-div -mno-hw-mul -mno-hw-mulx -mgpopt=global   -o obj/HAL/src/alt_ioctl.o HAL/src/alt_ioctl.c
Compiling alt_irq_entry.S...
nios2-elf-gcc -MP -MMD -c   -O0 -g -Wall  -mno-hw-div -mno-hw-mul -mno-hw-mulx -mgpopt=global    -I./HAL/inc -I. -I./drivers/inc -pipe -D__hal__ -DALT_NO_INSTRUCTION_EMULATION -DALT_SINGLE_THREADED  -Wa,-gdwarf2  -o obj/HAL/src/alt_irq_entry.o HAL/src/alt_irq_entry.S
Compiling alt_irq_handler.c...
nios2-elf-gcc -xc -MP -MMD -c  -I./HAL/inc -I. -I./drivers/inc -pipe -D__hal__ -DALT_NO_INSTRUCTION_EMULATION -DALT_SINGLE_THREADED    -O0 -g -Wall  -mno-hw-div -mno-hw-mul -mno-hw-mulx -mgpopt=global   -o obj/HAL/src/alt_irq_handler.o HAL/src/alt_irq_handler.c
Compiling alt_irq_register.c...
nios2-elf-gcc -xc -MP -MMD -c  -I./HAL/inc -I. -I./drivers/inc -pipe -D__hal__ -DALT_NO_INSTRUCTION_EMULATION -DALT_SINGLE_THREADED    -O0 -g -Wall  -mno-hw-div -mno-hw-mul -mno-hw-mulx -mgpopt=global   -o obj/HAL/src/alt_irq_register.o HAL/src/alt_irq_register.c
Compiling alt_irq_vars.c...
nios2-elf-gcc -xc -MP -MMD -c  -I./HAL/inc -I. -I./drivers/inc -pipe -D__hal__ -DALT_NO_INSTRUCTION_EMULATION -DALT_SINGLE_THREADED    -O0 -g -Wall  -mno-hw-div -mno-hw-mul -mno-hw-mulx -mgpopt=global   -o obj/HAL/src/alt_irq_vars.o HAL/src/alt_irq_vars.c
Compiling alt_isatty.c...
nios2-elf-gcc -xc -MP -MMD -c  -I./HAL/inc -I. -I./drivers/inc -pipe -D__hal__ -DALT_NO_INSTRUCTION_EMULATION -DALT_SINGLE_THREADED    -O0 -g -Wall  -mno-hw-div -mno-hw-mul -mno-hw-mulx -mgpopt=global   -o obj/HAL/src/alt_isatty.o HAL/src/alt_isatty.c
Compiling alt_lseek.c...
nios2-elf-gcc -xc -MP -MMD -c  -I./HAL/inc -I. -I./drivers/inc -pipe -D__hal__ -DALT_NO_INSTRUCTION_EMULATION -DALT_SINGLE_THREADED    -O0 -g -Wall  -mno-hw-div -mno-hw-mul -mno-hw-mulx -mgpopt=global   -o obj/HAL/src/alt_lseek.o HAL/src/alt_lseek.c
Compiling alt_main.c...
nios2-elf-gcc -xc -MP -MMD -c  -I./HAL/inc -I. -I./drivers/inc -pipe -D__hal__ -DALT_NO_INSTRUCTION_EMULATION -DALT_SINGLE_THREADED    -O0 -g -Wall  -mno-hw-div -mno-hw-mul -mno-hw-mulx -mgpopt=global   -o obj/HAL/src/alt_main.o HAL/src/alt_main.c
Compiling alt_open.c...
nios2-elf-gcc -xc -MP -MMD -c  -I./HAL/inc -I. -I./drivers/inc -pipe -D__hal__ -DALT_NO_INSTRUCTION_EMULATION -DALT_SINGLE_THREADED    -O0 -g -Wall  -mno-hw-div -mno-hw-mul -mno-hw-mulx -mgpopt=global   -o obj/HAL/src/alt_open.o HAL/src/alt_open.c
Compiling alt_read.c...
nios2-elf-gcc -xc -MP -MMD -c  -I./HAL/inc -I. -I./drivers/inc -pipe -D__hal__ -DALT_NO_INSTRUCTION_EMULATION -DALT_SINGLE_THREADED    -O0 -g -Wall  -mno-hw-div -mno-hw-mul -mno-hw-mulx -mgpopt=global   -o obj/HAL/src/alt_read.o HAL/src/alt_read.c
Compiling alt_release_fd.c...
nios2-elf-gcc -xc -MP -MMD -c  -I./HAL/inc -I. -I./drivers/inc -pipe -D__hal__ -DALT_NO_INSTRUCTION_EMULATION -DALT_SINGLE_THREADED    -O0 -g -Wall  -mno-hw-div -mno-hw-mul -mno-hw-mulx -mgpopt=global   -o obj/HAL/src/alt_release_fd.o HAL/src/alt_release_fd.c
Compiling alt_remap_cached.c...
nios2-elf-gcc -xc -MP -MMD -c  -I./HAL/inc -I. -I./drivers/inc -pipe -D__hal__ -DALT_NO_INSTRUCTION_EMULATION -DALT_SINGLE_THREADED    -O0 -g -Wall  -mno-hw-div -mno-hw-mul -mno-hw-mulx -mgpopt=global   -o obj/HAL/src/alt_remap_cached.o HAL/src/alt_remap_cached.c
Compiling alt_remap_uncached.c...
nios2-elf-gcc -xc -MP -MMD -c  -I./HAL/inc -I. -I./drivers/inc -pipe -D__hal__ -DALT_NO_INSTRUCTION_EMULATION -DALT_SINGLE_THREADED    -O0 -g -Wall  -mno-hw-div -mno-hw-mul -mno-hw-mulx -mgpopt=global   -o obj/HAL/src/alt_remap_uncached.o HAL/src/alt_remap_uncached.c
Compiling alt_sbrk.c...
nios2-elf-gcc -xc -MP -MMD -c  -I./HAL/inc -I. -I./drivers/inc -pipe -D__hal__ -DALT_NO_INSTRUCTION_EMULATION -DALT_SINGLE_THREADED    -O0 -g -Wall  -mno-hw-div -mno-hw-mul -mno-hw-mulx -mgpopt=global   -o obj/HAL/src/alt_sbrk.o HAL/src/alt_sbrk.c
Compiling alt_software_exception.S...
nios2-elf-gcc -MP -MMD -c   -O0 -g -Wall  -mno-hw-div -mno-hw-mul -mno-hw-mulx -mgpopt=global    -I./HAL/inc -I. -I./drivers/inc -pipe -D__hal__ -DALT_NO_INSTRUCTION_EMULATION -DALT_SINGLE_THREADED  -Wa,-gdwarf2  -o obj/HAL/src/alt_software_exception.o HAL/src/alt_software_exception.S
Compiling alt_tick.c...
nios2-elf-gcc -xc -MP -MMD -c  -I./HAL/inc -I. -I./drivers/inc -pipe -D__hal__ -DALT_NO_INSTRUCTION_EMULATION -DALT_SINGLE_THREADED    -O0 -g -Wall  -mno-hw-div -mno-hw-mul -mno-hw-mulx -mgpopt=global   -o obj/HAL/src/alt_tick.o HAL/src/alt_tick.c
Compiling alt_uncached_free.c...
nios2-elf-gcc -xc -MP -MMD -c  -I./HAL/inc -I. -I./drivers/inc -pipe -D__hal__ -DALT_NO_INSTRUCTION_EMULATION -DALT_SINGLE_THREADED    -O0 -g -Wall  -mno-hw-div -mno-hw-mul -mno-hw-mulx -mgpopt=global   -o obj/HAL/src/alt_uncached_free.o HAL/src/alt_uncached_free.c
Compiling alt_uncached_malloc.c...
nios2-elf-gcc -xc -MP -MMD -c  -I./HAL/inc -I. -I./drivers/inc -pipe -D__hal__ -DALT_NO_INSTRUCTION_EMULATION -DALT_SINGLE_THREADED    -O0 -g -Wall  -mno-hw-div -mno-hw-mul -mno-hw-mulx -mgpopt=global   -o obj/HAL/src/alt_uncached_malloc.o HAL/src/alt_uncached_malloc.c
Compiling alt_write.c...
nios2-elf-gcc -xc -MP -MMD -c  -I./HAL/inc -I. -I./drivers/inc -pipe -D__hal__ -DALT_NO_INSTRUCTION_EMULATION -DALT_SINGLE_THREADED    -O0 -g -Wall  -mno-hw-div -mno-hw-mul -mno-hw-mulx -mgpopt=global   -o obj/HAL/src/alt_write.o HAL/src/alt_write.c
Compiling altera_nios2_gen2_irq.c...
nios2-elf-gcc -xc -MP -MMD -c  -I./HAL/inc -I. -I./drivers/inc -pipe -D__hal__ -DALT_NO_INSTRUCTION_EMULATION -DALT_SINGLE_THREADED    -O0 -g -Wall  -mno-hw-div -mno-hw-mul -mno-hw-mulx -mgpopt=global   -o obj/HAL/src/altera_nios2_gen2_irq.o HAL/src/altera_nios2_gen2_irq.c
Compiling crt0.S...
nios2-elf-gcc -MP -MMD -c   -O0 -g -Wall  -mno-hw-div -mno-hw-mul -mno-hw-mulx -mgpopt=global    -I./HAL/inc -I. -I./drivers/inc -pipe -D__hal__ -DALT_NO_INSTRUCTION_EMULATION -DALT_SINGLE_THREADED  -Wa,-gdwarf2  -o obj/HAL/src/crt0.o HAL/src/crt0.S
Compiling alt_sys_init.c...
nios2-elf-gcc -xc -MP -MMD -c  -I./HAL/inc -I. -I./drivers/inc -pipe -D__hal__ -DALT_NO_INSTRUCTION_EMULATION -DALT_SINGLE_THREADED    -O0 -g -Wall  -mno-hw-div -mno-hw-mul -mno-hw-mulx -mgpopt=global   -o obj/alt_sys_init.o alt_sys_init.c
Compiling altera_avalon_jtag_uart_fd.c...
nios2-elf-gcc -xc -MP -MMD -c  -I./HAL/inc -I. -I./drivers/inc -pipe -D__hal__ -DALT_NO_INSTRUCTION_EMULATION -DALT_SINGLE_THREADED    -O0 -g -Wall  -mno-hw-div -mno-hw-mul -mno-hw-mulx -mgpopt=global   -o obj/drivers/src/altera_avalon_jtag_uart_fd.o drivers/src/altera_avalon_jtag_uart_fd.c
Compiling altera_avalon_jtag_uart_init.c...
nios2-elf-gcc -xc -MP -MMD -c  -I./HAL/inc -I. -I./drivers/inc -pipe -D__hal__ -DALT_NO_INSTRUCTION_EMULATION -DALT_SINGLE_THREADED    -O0 -g -Wall  -mno-hw-div -mno-hw-mul -mno-hw-mulx -mgpopt=global   -o obj/drivers/src/altera_avalon_jtag_uart_init.o drivers/src/altera_avalon_jtag_uart_init.c
Compiling altera_avalon_jtag_uart_ioctl.c...
nios2-elf-gcc -xc -MP -MMD -c  -I./HAL/inc -I. -I./drivers/inc -pipe -D__hal__ -DALT_NO_INSTRUCTION_EMULATION -DALT_SINGLE_THREADED    -O0 -g -Wall  -mno-hw-div -mno-hw-mul -mno-hw-mulx -mgpopt=global   -o obj/drivers/src/altera_avalon_jtag_uart_ioctl.o drivers/src/altera_avalon_jtag_uart_ioctl.c
Compiling altera_avalon_jtag_uart_read.c...
nios2-elf-gcc -xc -MP -MMD -c  -I./HAL/inc -I. -I./drivers/inc -pipe -D__hal__ -DALT_NO_INSTRUCTION_EMULATION -DALT_SINGLE_THREADED    -O0 -g -Wall  -mno-hw-div -mno-hw-mul -mno-hw-mulx -mgpopt=global   -o obj/drivers/src/altera_avalon_jtag_uart_read.o drivers/src/altera_avalon_jtag_uart_read.c
Compiling altera_avalon_jtag_uart_write.c...
nios2-elf-gcc -xc -MP -MMD -c  -I./HAL/inc -I. -I./drivers/inc -pipe -D__hal__ -DALT_NO_INSTRUCTION_EMULATION -DALT_SINGLE_THREADED    -O0 -g -Wall  -mno-hw-div -mno-hw-mul -mno-hw-mulx -mgpopt=global   -o obj/drivers/src/altera_avalon_jtag_uart_write.o drivers/src/altera_avalon_jtag_uart_write.c
Creating libhal_bsp.a...
rm -f -f libhal_bsp.a
nios2-elf-ar -src libhal_bsp.a obj/HAL/src/alt_alarm_start.o obj/HAL/src/alt_busy_sleep.o obj/HAL/src/alt_close.o obj/HAL/src/alt_dcache_flush.o obj/HAL/src/alt_dcache_flush_all.o obj/HAL/src/alt_dcache_flush_no_writeback.o obj/HAL/src/alt_dev.o obj/HAL/src/alt_dev_llist_insert.o obj/HAL/src/alt_dma_rxchan_open.o obj/HAL/src/alt_dma_txchan_open.o obj/HAL/src/alt_do_ctors.o obj/HAL/src/alt_do_dtors.o obj/HAL/src/alt_ecc_fatal_entry.o obj/HAL/src/alt_ecc_fatal_exception.o obj/HAL/src/alt_env_lock.o obj/HAL/src/alt_environ.o obj/HAL/src/alt_errno.o obj/HAL/src/alt_exception_entry.o obj/HAL/src/alt_exception_muldiv.o obj/HAL/src/alt_exception_trap.o obj/HAL/src/alt_execve.o obj/HAL/src/alt_exit.o obj/HAL/src/alt_fcntl.o obj/HAL/src/alt_fd_lock.o obj/HAL/src/alt_fd_unlock.o obj/HAL/src/alt_find_dev.o obj/HAL/src/alt_find_file.o obj/HAL/src/alt_flash_dev.o obj/HAL/src/alt_fork.o obj/HAL/src/alt_fs_reg.o obj/HAL/src/alt_fstat.o obj/HAL/src/alt_get_fd.o obj/HAL/src/alt_getchar.o obj/HAL/src/alt_getpid.o obj/HAL/src/alt_gettod.o obj/HAL/src/alt_gmon.o obj/HAL/src/alt_icache_flush.o obj/HAL/src/alt_icache_flush_all.o obj/HAL/src/alt_iic.o obj/HAL/src/alt_iic_isr_register.o obj/HAL/src/alt_instruction_exception_entry.o obj/HAL/src/alt_instruction_exception_register.o obj/HAL/src/alt_io_redirect.o obj/HAL/src/alt_ioctl.o obj/HAL/src/alt_irq_entry.o obj/HAL/src/alt_irq_handler.o obj/HAL/src/alt_irq_register.o obj/HAL/src/alt_irq_vars.o obj/HAL/src/alt_isatty.o obj/HAL/src/alt_kill.o obj/HAL/src/alt_link.o obj/HAL/src/alt_load.o obj/HAL/src/alt_log_macro.o obj/HAL/src/alt_log_printf.o obj/HAL/src/alt_lseek.o obj/HAL/src/alt_main.o obj/HAL/src/alt_malloc_lock.o obj/HAL/src/alt_mcount.o obj/HAL/src/alt_open.o obj/HAL/src/alt_printf.o obj/HAL/src/alt_putchar.o obj/HAL/src/alt_putcharbuf.o obj/HAL/src/alt_putstr.o obj/HAL/src/alt_read.o obj/HAL/src/alt_release_fd.o obj/HAL/src/alt_remap_cached.o obj/HAL/src/alt_remap_uncached.o obj/HAL/src/alt_rename.o obj/HAL/src/alt_sbrk.o obj/HAL/src/alt_settod.o obj/HAL/src/alt_software_exception.o obj/HAL/src/alt_stat.o obj/HAL/src/alt_tick.o obj/HAL/src/alt_times.o obj/HAL/src/alt_uncached_free.o obj/HAL/src/alt_uncached_malloc.o obj/HAL/src/alt_unlink.o obj/HAL/src/alt_usleep.o obj/HAL/src/alt_wait.o obj/HAL/src/alt_write.o obj/HAL/src/altera_nios2_gen2_irq.o obj/HAL/src/crt0.o obj/alt_sys_init.o obj/drivers/src/altera_avalon_jtag_uart_fd.o obj/drivers/src/altera_avalon_jtag_uart_init.o obj/drivers/src/altera_avalon_jtag_uart_ioctl.o obj/drivers/src/altera_avalon_jtag_uart_read.o obj/drivers/src/altera_avalon_jtag_uart_write.o
[BSP build complete]
13:31:36 **** Incremental Build of configuration Nios II for project blinky-sw ****
make all 
Info: Building ../blinky-sw_bsp/
C:/intelFPGA/18.0/nios2eds/bin/gnu/H-x86_64-mingw32/bin/make --no-print-directory -C ../blinky-sw_bsp/
[BSP build complete]
Info: Compiling blinky.c to obj/default/blinky.o
nios2-elf-gcc -xc -MP -MMD -c -I../blinky-sw_bsp//HAL/inc -I../blinky-sw_bsp/ -I../blinky-sw_bsp//drivers/inc  -pipe -D__hal__ -DALT_NO_INSTRUCTION_EMULATION -DALT_SINGLE_THREADED    -O0 -g -Wall   -mno-hw-div -mno-hw-mul -mno-hw-mulx -mgpopt=global  -o obj/default/blinky.o blinky.c
blinky.c: In function 'main':
blinky.c:82:4: warning: implicit declaration of function 'itoa' [-Wimplicit-function-declaration]
    itoa(card_val, msg, 10);
    ^
blinky.c:63:6: warning: unused variable 'led_pattern' [-Wunused-variable]
  int led_pattern=0x0;
      ^
blinky.c:62:6: warning: unused variable 'delay' [-Wunused-variable]
  int delay;
      ^
blinky.c:61:6: warning: unused variable 'switch_data' [-Wunused-variable]
  int switch_data;
      ^
blinky.c: In function 'generateRandomCard':
blinky.c:226:9: warning: implicit declaration of function 'abs' [-Wimplicit-function-declaration]
  return abs(random_num %52);
         ^
Info: Linking blinky-sw.elf
nios2-elf-g++  -T'../blinky-sw_bsp//linker.x' -msys-crt0='../blinky-sw_bsp//obj/HAL/src/crt0.o' -msys-lib=hal_bsp -L../blinky-sw_bsp/   -Wl,-Map=blinky-sw.map   -O0 -g -Wall   -mno-hw-div -mno-hw-mul -mno-hw-mulx -mgpopt=global  -o blinky-sw.elf obj/default/blinky.o -lm -msys-lib=m
nios2-elf-insert blinky-sw.elf --thread_model hal --cpu_name cpu --qsys true --simulation_enabled false --stderr_dev jtag_uart --stdin_dev jtag_uart --stdout_dev jtag_uart --sopc_system_name blinky --quartus_project_dir "C:/Users/nlinthacum/Desktop/NIOSII_Project_CPEN_430" --jdi ../..//output_files/chip.jdi --sopcinfo C:/Users/nlinthacum/Desktop/NIOSII_Project_CPEN_430/software/blinky-sw_bsp/../../blinky.sopcinfo
Info: (blinky-sw.elf) 31 KBytes program size (code + initialized data).
Info:                 25 KBytes free for stack + heap.
Info: Creating blinky-sw.objdump
nios2-elf-objdump --disassemble --syms --all-header --source blinky-sw.elf >blinky-sw.objdump
[blinky-sw build complete]
13:33:40 **** Incremental Build of configuration Nios II for project blinky-sw ****
make all 
Info: Building ../blinky-sw_bsp/
C:/intelFPGA/18.0/nios2eds/bin/gnu/H-x86_64-mingw32/bin/make --no-print-directory -C ../blinky-sw_bsp/
[BSP build complete]
Info: Compiling blinky.c to obj/default/blinky.o
nios2-elf-gcc -xc -MP -MMD -c -I../blinky-sw_bsp//HAL/inc -I../blinky-sw_bsp/ -I../blinky-sw_bsp//drivers/inc  -pipe -D__hal__ -DALT_NO_INSTRUCTION_EMULATION -DALT_SINGLE_THREADED    -O0 -g -Wall   -mno-hw-div -mno-hw-mul -mno-hw-mulx -mgpopt=global  -o obj/default/blinky.o blinky.c
blinky.c: In function 'main':
blinky.c:65:6: warning: unused variable 'card_val' [-Wunused-variable]
  int card_val;
      ^
blinky.c:63:6: warning: unused variable 'led_pattern' [-Wunused-variable]
  int led_pattern=0x0;
      ^
blinky.c:62:6: warning: unused variable 'delay' [-Wunused-variable]
  int delay;
      ^
blinky.c:61:6: warning: unused variable 'switch_data' [-Wunused-variable]
  int switch_data;
      ^
blinky.c: In function 'generateRandomCard':
blinky.c:226:9: warning: implicit declaration of function 'abs' [-Wimplicit-function-declaration]
  return abs(random_num %52);
         ^
Info: Linking blinky-sw.elf
nios2-elf-g++  -T'../blinky-sw_bsp//linker.x' -msys-crt0='../blinky-sw_bsp//obj/HAL/src/crt0.o' -msys-lib=hal_bsp -L../blinky-sw_bsp/   -Wl,-Map=blinky-sw.map   -O0 -g -Wall   -mno-hw-div -mno-hw-mul -mno-hw-mulx -mgpopt=global  -o blinky-sw.elf obj/default/blinky.o -lm -msys-lib=m
nios2-elf-insert blinky-sw.elf --thread_model hal --cpu_name cpu --qsys true --simulation_enabled false --stderr_dev jtag_uart --stdin_dev jtag_uart --stdout_dev jtag_uart --sopc_system_name blinky --quartus_project_dir "C:/Users/nlinthacum/Desktop/NIOSII_Project_CPEN_430" --jdi ../..//output_files/chip.jdi --sopcinfo C:/Users/nlinthacum/Desktop/NIOSII_Project_CPEN_430/software/blinky-sw_bsp/../../blinky.sopcinfo
Info: (blinky-sw.elf) 30 KBytes program size (code + initialized data).
Info:                 26 KBytes free for stack + heap.
Info: Creating blinky-sw.objdump
nios2-elf-objdump --disassemble --syms --all-header --source blinky-sw.elf >blinky-sw.objdump
[blinky-sw build complete]
13:54:16 **** Incremental Build of configuration Nios II for project blinky-sw ****
make all 
Info: Building ../blinky-sw_bsp/
C:/intelFPGA/18.0/nios2eds/bin/gnu/H-x86_64-mingw32/bin/make --no-print-directory -C ../blinky-sw_bsp/
[BSP build complete]
Info: Compiling blinky.c to obj/default/blinky.o
nios2-elf-gcc -xc -MP -MMD -c -I../blinky-sw_bsp//HAL/inc -I../blinky-sw_bsp/ -I../blinky-sw_bsp//drivers/inc  -pipe -D__hal__ -DALT_NO_INSTRUCTION_EMULATION -DALT_SINGLE_THREADED    -O0 -g -Wall   -mno-hw-div -mno-hw-mul -mno-hw-mulx -mgpopt=global  -o obj/default/blinky.o blinky.c
blinky.c: In function 'main':
blinky.c:65:6: warning: unused variable 'card_val' [-Wunused-variable]
  int card_val;
      ^
blinky.c:63:6: warning: unused variable 'led_pattern' [-Wunused-variable]
  int led_pattern=0x0;
      ^
blinky.c:62:6: warning: unused variable 'delay' [-Wunused-variable]
  int delay;
      ^
blinky.c:61:6: warning: unused variable 'switch_data' [-Wunused-variable]
  int switch_data;
      ^
blinky.c: In function 'generateRandomCard':
blinky.c:228:9: warning: implicit declaration of function 'abs' [-Wimplicit-function-declaration]
  return abs(random_num %52);
         ^
Info: Linking blinky-sw.elf
nios2-elf-g++  -T'../blinky-sw_bsp//linker.x' -msys-crt0='../blinky-sw_bsp//obj/HAL/src/crt0.o' -msys-lib=hal_bsp -L../blinky-sw_bsp/   -Wl,-Map=blinky-sw.map   -O0 -g -Wall   -mno-hw-div -mno-hw-mul -mno-hw-mulx -mgpopt=global  -o blinky-sw.elf obj/default/blinky.o -lm -msys-lib=m
nios2-elf-insert blinky-sw.elf --thread_model hal --cpu_name cpu --qsys true --simulation_enabled false --stderr_dev jtag_uart --stdin_dev jtag_uart --stdout_dev jtag_uart --sopc_system_name blinky --quartus_project_dir "C:/Users/nlinthacum/Desktop/NIOSII_Project_CPEN_430" --jdi ../..//output_files/chip.jdi --sopcinfo C:/Users/nlinthacum/Desktop/NIOSII_Project_CPEN_430/software/blinky-sw_bsp/../../blinky.sopcinfo
Info: (blinky-sw.elf) 30 KBytes program size (code + initialized data).
Info:                 26 KBytes free for stack + heap.
Info: Creating blinky-sw.objdump
nios2-elf-objdump --disassemble --syms --all-header --source blinky-sw.elf >blinky-sw.objdump
[blinky-sw build complete]
13:57:06 **** Incremental Build of configuration Nios II for project blinky-sw ****
make all 
Info: Building ../blinky-sw_bsp/
C:/intelFPGA/18.0/nios2eds/bin/gnu/H-x86_64-mingw32/bin/make --no-print-directory -C ../blinky-sw_bsp/
[BSP build complete]
Info: Compiling blinky.c to obj/default/blinky.o
nios2-elf-gcc -xc -MP -MMD -c -I../blinky-sw_bsp//HAL/inc -I../blinky-sw_bsp/ -I../blinky-sw_bsp//drivers/inc  -pipe -D__hal__ -DALT_NO_INSTRUCTION_EMULATION -DALT_SINGLE_THREADED    -O0 -g -Wall   -mno-hw-div -mno-hw-mul -mno-hw-mulx -mgpopt=global  -o obj/default/blinky.o blinky.c
blinky.c: In function 'main':
blinky.c:65:6: warning: unused variable 'card_val' [-Wunused-variable]
  int card_val;
      ^
blinky.c:63:6: warning: unused variable 'led_pattern' [-Wunused-variable]
  int led_pattern=0x0;
      ^
blinky.c:62:6: warning: unused variable 'delay' [-Wunused-variable]
  int delay;
      ^
blinky.c:61:6: warning: unused variable 'switch_data' [-Wunused-variable]
  int switch_data;
      ^
blinky.c: In function 'generateRandomCard':
blinky.c:229:9: warning: implicit declaration of function 'abs' [-Wimplicit-function-declaration]
  return abs(random_num %52);
         ^
Info: Linking blinky-sw.elf
nios2-elf-g++  -T'../blinky-sw_bsp//linker.x' -msys-crt0='../blinky-sw_bsp//obj/HAL/src/crt0.o' -msys-lib=hal_bsp -L../blinky-sw_bsp/   -Wl,-Map=blinky-sw.map   -O0 -g -Wall   -mno-hw-div -mno-hw-mul -mno-hw-mulx -mgpopt=global  -o blinky-sw.elf obj/default/blinky.o -lm -msys-lib=m
nios2-elf-insert blinky-sw.elf --thread_model hal --cpu_name cpu --qsys true --simulation_enabled false --stderr_dev jtag_uart --stdin_dev jtag_uart --stdout_dev jtag_uart --sopc_system_name blinky --quartus_project_dir "C:/Users/nlinthacum/Desktop/NIOSII_Project_CPEN_430" --jdi ../..//output_files/chip.jdi --sopcinfo C:/Users/nlinthacum/Desktop/NIOSII_Project_CPEN_430/software/blinky-sw_bsp/../../blinky.sopcinfo
Info: (blinky-sw.elf) 30 KBytes program size (code + initialized data).
Info:                 26 KBytes free for stack + heap.
Info: Creating blinky-sw.objdump
nios2-elf-objdump --disassemble --syms --all-header --source blinky-sw.elf >blinky-sw.objdump
[blinky-sw build complete]
13:59:39 **** Incremental Build of configuration Nios II for project blinky-sw ****
make all 
Info: Building ../blinky-sw_bsp/
C:/intelFPGA/18.0/nios2eds/bin/gnu/H-x86_64-mingw32/bin/make --no-print-directory -C ../blinky-sw_bsp/
[BSP build complete]
Info: Compiling blinky.c to obj/default/blinky.o
nios2-elf-gcc -xc -MP -MMD -c -I../blinky-sw_bsp//HAL/inc -I../blinky-sw_bsp/ -I../blinky-sw_bsp//drivers/inc  -pipe -D__hal__ -DALT_NO_INSTRUCTION_EMULATION -DALT_SINGLE_THREADED    -O0 -g -Wall   -mno-hw-div -mno-hw-mul -mno-hw-mulx -mgpopt=global  -o obj/default/blinky.o blinky.c
blinky.c: In function 'main':
blinky.c:65:6: warning: unused variable 'card_val' [-Wunused-variable]
  int card_val;
      ^
blinky.c:63:6: warning: unused variable 'led_pattern' [-Wunused-variable]
  int led_pattern=0x0;
      ^
blinky.c:62:6: warning: unused variable 'delay' [-Wunused-variable]
  int delay;
      ^
blinky.c: In function 'generateRandomCard':
blinky.c:233:9: warning: implicit declaration of function 'abs' [-Wimplicit-function-declaration]
  return abs(random_num %52);
         ^
Info: Linking blinky-sw.elf
nios2-elf-g++  -T'../blinky-sw_bsp//linker.x' -msys-crt0='../blinky-sw_bsp//obj/HAL/src/crt0.o' -msys-lib=hal_bsp -L../blinky-sw_bsp/   -Wl,-Map=blinky-sw.map   -O0 -g -Wall   -mno-hw-div -mno-hw-mul -mno-hw-mulx -mgpopt=global  -o blinky-sw.elf obj/default/blinky.o -lm -msys-lib=m
nios2-elf-insert blinky-sw.elf --thread_model hal --cpu_name cpu --qsys true --simulation_enabled false --stderr_dev jtag_uart --stdin_dev jtag_uart --stdout_dev jtag_uart --sopc_system_name blinky --quartus_project_dir "C:/Users/nlinthacum/Desktop/NIOSII_Project_CPEN_430" --jdi ../..//output_files/chip.jdi --sopcinfo C:/Users/nlinthacum/Desktop/NIOSII_Project_CPEN_430/software/blinky-sw_bsp/../../blinky.sopcinfo
Info: (blinky-sw.elf) 30 KBytes program size (code + initialized data).
Info:                 26 KBytes free for stack + heap.
Info: Creating blinky-sw.objdump
nios2-elf-objdump --disassemble --syms --all-header --source blinky-sw.elf >blinky-sw.objdump
[blinky-sw build complete]
14:13:47 **** Incremental Build of configuration Nios II for project blinky-sw ****
make all 
Info: Building ../blinky-sw_bsp/
C:/intelFPGA/18.0/nios2eds/bin/gnu/H-x86_64-mingw32/bin/make --no-print-directory -C ../blinky-sw_bsp/
[BSP build complete]
Info: Compiling blinky.c to obj/default/blinky.o
nios2-elf-gcc -xc -MP -MMD -c -I../blinky-sw_bsp//HAL/inc -I../blinky-sw_bsp/ -I../blinky-sw_bsp//drivers/inc  -pipe -D__hal__ -DALT_NO_INSTRUCTION_EMULATION -DALT_SINGLE_THREADED    -O0 -g -Wall   -mno-hw-div -mno-hw-mul -mno-hw-mulx -mgpopt=global  -o obj/default/blinky.o blinky.c
In file included from ../blinky-sw_bsp//drivers/inc/altera_avalon_pio_regs.h:34:0,
                 from blinky.c:3:
blinky.c: In function 'main':
blinky.c:88:42: error: 'KEYS_BASE_BASE' undeclared (first use in this function)
   key_data = IORD_ALTERA_AVALON_PIO_DATA(KEYS_BASE_BASE);
                                          ^
../blinky-sw_bsp//HAL/inc/io.h:70:23: note: in definition of macro '__IO_CALC_ADDRESS_NATIVE'
   ((void *)(((alt_u8*)BASE) + ((REGNUM) * (SYSTEM_BUS_WIDTH/8))))
                       ^
../blinky-sw_bsp//drivers/inc/altera_avalon_pio_regs.h:37:55: note: in expansion of macro 'IORD'
 #define IORD_ALTERA_AVALON_PIO_DATA(base)             IORD(base, 0) 
                                                       ^
blinky.c:88:14: note: in expansion of macro 'IORD_ALTERA_AVALON_PIO_DATA'
   key_data = IORD_ALTERA_AVALON_PIO_DATA(KEYS_BASE_BASE);
              ^
blinky.c:88:42: note: each undeclared identifier is reported only once for each function it appears in
   key_data = IORD_ALTERA_AVALON_PIO_DATA(KEYS_BASE_BASE);
                                          ^
../blinky-sw_bsp//HAL/inc/io.h:70:23: note: in definition of macro '__IO_CALC_ADDRESS_NATIVE'
   ((void *)(((alt_u8*)BASE) + ((REGNUM) * (SYSTEM_BUS_WIDTH/8))))
                       ^
../blinky-sw_bsp//drivers/inc/altera_avalon_pio_regs.h:37:55: note: in expansion of macro 'IORD'
 #define IORD_ALTERA_AVALON_PIO_DATA(base)             IORD(base, 0) 
                                                       ^
blinky.c:88:14: note: in expansion of macro 'IORD_ALTERA_AVALON_PIO_DATA'
   key_data = IORD_ALTERA_AVALON_PIO_DATA(KEYS_BASE_BASE);
              ^
blinky.c:66:6: warning: unused variable 'card_val' [-Wunused-variable]
  int card_val;
      ^
blinky.c:64:6: warning: unused variable 'led_pattern' [-Wunused-variable]
  int led_pattern=0x0;
      ^
blinky.c:63:6: warning: unused variable 'delay' [-Wunused-variable]
  int delay;
      ^
blinky.c: In function 'generateRandomCard':
blinky.c:241:9: warning: implicit declaration of function 'abs' [-Wimplicit-function-declaration]
  return abs(random_num %52);
         ^
make: *** [obj/default/blinky.o] Error 1
14:14:12 **** Incremental Build of configuration Nios II for project blinky-sw ****
make all 
Info: Building ../blinky-sw_bsp/
C:/intelFPGA/18.0/nios2eds/bin/gnu/H-x86_64-mingw32/bin/make --no-print-directory -C ../blinky-sw_bsp/
[BSP build complete]
Info: Compiling blinky.c to obj/default/blinky.o
nios2-elf-gcc -xc -MP -MMD -c -I../blinky-sw_bsp//HAL/inc -I../blinky-sw_bsp/ -I../blinky-sw_bsp//drivers/inc  -pipe -D__hal__ -DALT_NO_INSTRUCTION_EMULATION -DALT_SINGLE_THREADED    -O0 -g -Wall   -mno-hw-div -mno-hw-mul -mno-hw-mulx -mgpopt=global  -o obj/default/blinky.o blinky.c
In file included from ../blinky-sw_bsp//drivers/inc/altera_avalon_pio_regs.h:34:0,
                 from blinky.c:3:
blinky.c: In function 'main':
blinky.c:88:42: error: 'KEYS_BASE_BASE' undeclared (first use in this function)
   key_data = IORD_ALTERA_AVALON_PIO_DATA(KEYS_BASE_BASE);
                                          ^
../blinky-sw_bsp//HAL/inc/io.h:70:23: note: in definition of macro '__IO_CALC_ADDRESS_NATIVE'
   ((void *)(((alt_u8*)BASE) + ((REGNUM) * (SYSTEM_BUS_WIDTH/8))))
                       ^
../blinky-sw_bsp//drivers/inc/altera_avalon_pio_regs.h:37:55: note: in expansion of macro 'IORD'
 #define IORD_ALTERA_AVALON_PIO_DATA(base)             IORD(base, 0) 
                                                       ^
blinky.c:88:14: note: in expansion of macro 'IORD_ALTERA_AVALON_PIO_DATA'
   key_data = IORD_ALTERA_AVALON_PIO_DATA(KEYS_BASE_BASE);
              ^
blinky.c:88:42: note: each undeclared identifier is reported only once for each function it appears in
   key_data = IORD_ALTERA_AVALON_PIO_DATA(KEYS_BASE_BASE);
                                          ^
../blinky-sw_bsp//HAL/inc/io.h:70:23: note: in definition of macro '__IO_CALC_ADDRESS_NATIVE'
   ((void *)(((alt_u8*)BASE) + ((REGNUM) * (SYSTEM_BUS_WIDTH/8))))
                       ^
../blinky-sw_bsp//drivers/inc/altera_avalon_pio_regs.h:37:55: note: in expansion of macro 'IORD'
 #define IORD_ALTERA_AVALON_PIO_DATA(base)             IORD(base, 0) 
                                                       ^
blinky.c:88:14: note: in expansion of macro 'IORD_ALTERA_AVALON_PIO_DATA'
   key_data = IORD_ALTERA_AVALON_PIO_DATA(KEYS_BASE_BASE);
              ^
blinky.c:66:6: warning: unused variable 'card_val' [-Wunused-variable]
  int card_val;
      ^
blinky.c:64:6: warning: unused variable 'led_pattern' [-Wunused-variable]
  int led_pattern=0x0;
      ^
blinky.c:63:6: warning: unused variable 'delay' [-Wunused-variable]
  int delay;
      ^
blinky.c: In function 'generateRandomCard':
blinky.c:241:9: warning: implicit declaration of function 'abs' [-Wimplicit-function-declaration]
  return abs(random_num %52);
         ^
make: *** [obj/default/blinky.o] Error 1
14:14:31 **** Incremental Build of configuration Nios II for project blinky-sw ****
make all 
Info: Building ../blinky-sw_bsp/
C:/intelFPGA/18.0/nios2eds/bin/gnu/H-x86_64-mingw32/bin/make --no-print-directory -C ../blinky-sw_bsp/
[BSP build complete]
Info: Compiling blinky.c to obj/default/blinky.o
nios2-elf-gcc -xc -MP -MMD -c -I../blinky-sw_bsp//HAL/inc -I../blinky-sw_bsp/ -I../blinky-sw_bsp//drivers/inc  -pipe -D__hal__ -DALT_NO_INSTRUCTION_EMULATION -DALT_SINGLE_THREADED    -O0 -g -Wall   -mno-hw-div -mno-hw-mul -mno-hw-mulx -mgpopt=global  -o obj/default/blinky.o blinky.c
blinky.c: In function 'main':
blinky.c:66:6: warning: unused variable 'card_val' [-Wunused-variable]
  int card_val;
      ^
blinky.c:64:6: warning: unused variable 'led_pattern' [-Wunused-variable]
  int led_pattern=0x0;
      ^
blinky.c:63:6: warning: unused variable 'delay' [-Wunused-variable]
  int delay;
      ^
blinky.c: In function 'generateRandomCard':
blinky.c:241:9: warning: implicit declaration of function 'abs' [-Wimplicit-function-declaration]
  return abs(random_num %52);
         ^
Info: Linking blinky-sw.elf
nios2-elf-g++  -T'../blinky-sw_bsp//linker.x' -msys-crt0='../blinky-sw_bsp//obj/HAL/src/crt0.o' -msys-lib=hal_bsp -L../blinky-sw_bsp/   -Wl,-Map=blinky-sw.map   -O0 -g -Wall   -mno-hw-div -mno-hw-mul -mno-hw-mulx -mgpopt=global  -o blinky-sw.elf obj/default/blinky.o -lm -msys-lib=m
nios2-elf-insert blinky-sw.elf --thread_model hal --cpu_name cpu --qsys true --simulation_enabled false --stderr_dev jtag_uart --stdin_dev jtag_uart --stdout_dev jtag_uart --sopc_system_name blinky --quartus_project_dir "C:/Users/nlinthacum/Desktop/NIOSII_Project_CPEN_430" --jdi ../..//output_files/chip.jdi --sopcinfo C:/Users/nlinthacum/Desktop/NIOSII_Project_CPEN_430/software/blinky-sw_bsp/../../blinky.sopcinfo
Info: (blinky-sw.elf) 30 KBytes program size (code + initialized data).
Info:                 26 KBytes free for stack + heap.
Info: Creating blinky-sw.objdump
nios2-elf-objdump --disassemble --syms --all-header --source blinky-sw.elf >blinky-sw.objdump
[blinky-sw build complete]
14:15:25 **** Incremental Build of configuration Nios II for project blinky-sw ****
make all 
Info: Building ../blinky-sw_bsp/
C:/intelFPGA/18.0/nios2eds/bin/gnu/H-x86_64-mingw32/bin/make --no-print-directory -C ../blinky-sw_bsp/
[BSP build complete]
Info: Compiling blinky.c to obj/default/blinky.o
nios2-elf-gcc -xc -MP -MMD -c -I../blinky-sw_bsp//HAL/inc -I../blinky-sw_bsp/ -I../blinky-sw_bsp//drivers/inc  -pipe -D__hal__ -DALT_NO_INSTRUCTION_EMULATION -DALT_SINGLE_THREADED    -O0 -g -Wall   -mno-hw-div -mno-hw-mul -mno-hw-mulx -mgpopt=global  -o obj/default/blinky.o blinky.c
blinky.c: In function 'main':
blinky.c:66:6: warning: unused variable 'card_val' [-Wunused-variable]
  int card_val;
      ^
blinky.c:64:6: warning: unused variable 'led_pattern' [-Wunused-variable]
  int led_pattern=0x0;
      ^
blinky.c:63:6: warning: unused variable 'delay' [-Wunused-variable]
  int delay;
      ^
blinky.c: In function 'generateRandomCard':
blinky.c:241:9: warning: implicit declaration of function 'abs' [-Wimplicit-function-declaration]
  return abs(random_num %52);
         ^
Info: Linking blinky-sw.elf
nios2-elf-g++  -T'../blinky-sw_bsp//linker.x' -msys-crt0='../blinky-sw_bsp//obj/HAL/src/crt0.o' -msys-lib=hal_bsp -L../blinky-sw_bsp/   -Wl,-Map=blinky-sw.map   -O0 -g -Wall   -mno-hw-div -mno-hw-mul -mno-hw-mulx -mgpopt=global  -o blinky-sw.elf obj/default/blinky.o -lm -msys-lib=m
nios2-elf-insert blinky-sw.elf --thread_model hal --cpu_name cpu --qsys true --simulation_enabled false --stderr_dev jtag_uart --stdin_dev jtag_uart --stdout_dev jtag_uart --sopc_system_name blinky --quartus_project_dir "C:/Users/nlinthacum/Desktop/NIOSII_Project_CPEN_430" --jdi ../..//output_files/chip.jdi --sopcinfo C:/Users/nlinthacum/Desktop/NIOSII_Project_CPEN_430/software/blinky-sw_bsp/../../blinky.sopcinfo
Info: (blinky-sw.elf) 30 KBytes program size (code + initialized data).
Info:                 26 KBytes free for stack + heap.
Info: Creating blinky-sw.objdump
nios2-elf-objdump --disassemble --syms --all-header --source blinky-sw.elf >blinky-sw.objdump
[blinky-sw build complete]
14:16:03 **** Incremental Build of configuration Nios II for project blinky-sw ****
make all 
Info: Building ../blinky-sw_bsp/
C:/intelFPGA/18.0/nios2eds/bin/gnu/H-x86_64-mingw32/bin/make --no-print-directory -C ../blinky-sw_bsp/
[BSP build complete]
Info: Compiling blinky.c to obj/default/blinky.o
nios2-elf-gcc -xc -MP -MMD -c -I../blinky-sw_bsp//HAL/inc -I../blinky-sw_bsp/ -I../blinky-sw_bsp//drivers/inc  -pipe -D__hal__ -DALT_NO_INSTRUCTION_EMULATION -DALT_SINGLE_THREADED    -O0 -g -Wall   -mno-hw-div -mno-hw-mul -mno-hw-mulx -mgpopt=global  -o obj/default/blinky.o blinky.c
blinky.c: In function 'main':
blinky.c:66:6: warning: unused variable 'card_val' [-Wunused-variable]
  int card_val;
      ^
blinky.c:64:6: warning: unused variable 'led_pattern' [-Wunused-variable]
  int led_pattern=0x0;
      ^
blinky.c:63:6: warning: unused variable 'delay' [-Wunused-variable]
  int delay;
      ^
blinky.c: In function 'generateRandomCard':
blinky.c:241:9: warning: implicit declaration of function 'abs' [-Wimplicit-function-declaration]
  return abs(random_num %52);
         ^
Info: Linking blinky-sw.elf
nios2-elf-g++  -T'../blinky-sw_bsp//linker.x' -msys-crt0='../blinky-sw_bsp//obj/HAL/src/crt0.o' -msys-lib=hal_bsp -L../blinky-sw_bsp/   -Wl,-Map=blinky-sw.map   -O0 -g -Wall   -mno-hw-div -mno-hw-mul -mno-hw-mulx -mgpopt=global  -o blinky-sw.elf obj/default/blinky.o -lm -msys-lib=m
nios2-elf-insert blinky-sw.elf --thread_model hal --cpu_name cpu --qsys true --simulation_enabled false --stderr_dev jtag_uart --stdin_dev jtag_uart --stdout_dev jtag_uart --sopc_system_name blinky --quartus_project_dir "C:/Users/nlinthacum/Desktop/NIOSII_Project_CPEN_430" --jdi ../..//output_files/chip.jdi --sopcinfo C:/Users/nlinthacum/Desktop/NIOSII_Project_CPEN_430/software/blinky-sw_bsp/../../blinky.sopcinfo
Info: (blinky-sw.elf) 30 KBytes program size (code + initialized data).
Info:                 26 KBytes free for stack + heap.
Info: Creating blinky-sw.objdump
nios2-elf-objdump --disassemble --syms --all-header --source blinky-sw.elf >blinky-sw.objdump
[blinky-sw build complete]
14:17:57 **** Incremental Build of configuration Nios II for project blinky-sw ****
make all 
Info: Building ../blinky-sw_bsp/
C:/intelFPGA/18.0/nios2eds/bin/gnu/H-x86_64-mingw32/bin/make --no-print-directory -C ../blinky-sw_bsp/
[BSP build complete]
Info: Compiling blinky.c to obj/default/blinky.o
nios2-elf-gcc -xc -MP -MMD -c -I../blinky-sw_bsp//HAL/inc -I../blinky-sw_bsp/ -I../blinky-sw_bsp//drivers/inc  -pipe -D__hal__ -DALT_NO_INSTRUCTION_EMULATION -DALT_SINGLE_THREADED    -O0 -g -Wall   -mno-hw-div -mno-hw-mul -mno-hw-mulx -mgpopt=global  -o obj/default/blinky.o blinky.c
blinky.c: In function 'main':
blinky.c:66:6: warning: unused variable 'card_val' [-Wunused-variable]
  int card_val;
      ^
blinky.c:64:6: warning: unused variable 'led_pattern' [-Wunused-variable]
  int led_pattern=0x0;
      ^
blinky.c:63:6: warning: unused variable 'delay' [-Wunused-variable]
  int delay;
      ^
blinky.c: In function 'generateRandomCard':
blinky.c:244:9: warning: implicit declaration of function 'abs' [-Wimplicit-function-declaration]
  return abs(random_num %52);
         ^
Info: Linking blinky-sw.elf
nios2-elf-g++  -T'../blinky-sw_bsp//linker.x' -msys-crt0='../blinky-sw_bsp//obj/HAL/src/crt0.o' -msys-lib=hal_bsp -L../blinky-sw_bsp/   -Wl,-Map=blinky-sw.map   -O0 -g -Wall   -mno-hw-div -mno-hw-mul -mno-hw-mulx -mgpopt=global  -o blinky-sw.elf obj/default/blinky.o -lm -msys-lib=m
nios2-elf-insert blinky-sw.elf --thread_model hal --cpu_name cpu --qsys true --simulation_enabled false --stderr_dev jtag_uart --stdin_dev jtag_uart --stdout_dev jtag_uart --sopc_system_name blinky --quartus_project_dir "C:/Users/nlinthacum/Desktop/NIOSII_Project_CPEN_430" --jdi ../..//output_files/chip.jdi --sopcinfo C:/Users/nlinthacum/Desktop/NIOSII_Project_CPEN_430/software/blinky-sw_bsp/../../blinky.sopcinfo
Info: (blinky-sw.elf) 31 KBytes program size (code + initialized data).
Info:                 26 KBytes free for stack + heap.
Info: Creating blinky-sw.objdump
nios2-elf-objdump --disassemble --syms --all-header --source blinky-sw.elf >blinky-sw.objdump
[blinky-sw build complete]
14:18:29 **** Incremental Build of configuration Nios II for project blinky-sw ****
make all 
Info: Building ../blinky-sw_bsp/
C:/intelFPGA/18.0/nios2eds/bin/gnu/H-x86_64-mingw32/bin/make --no-print-directory -C ../blinky-sw_bsp/
[BSP build complete]
Info: Compiling blinky.c to obj/default/blinky.o
nios2-elf-gcc -xc -MP -MMD -c -I../blinky-sw_bsp//HAL/inc -I../blinky-sw_bsp/ -I../blinky-sw_bsp//drivers/inc  -pipe -D__hal__ -DALT_NO_INSTRUCTION_EMULATION -DALT_SINGLE_THREADED    -O0 -g -Wall   -mno-hw-div -mno-hw-mul -mno-hw-mulx -mgpopt=global  -o obj/default/blinky.o blinky.c
blinky.c: In function 'main':
blinky.c:66:6: warning: unused variable 'card_val' [-Wunused-variable]
  int card_val;
      ^
blinky.c:64:6: warning: unused variable 'led_pattern' [-Wunused-variable]
  int led_pattern=0x0;
      ^
blinky.c:63:6: warning: unused variable 'delay' [-Wunused-variable]
  int delay;
      ^
blinky.c: In function 'generateRandomCard':
blinky.c:244:9: warning: implicit declaration of function 'abs' [-Wimplicit-function-declaration]
  return abs(random_num %52);
         ^
Info: Linking blinky-sw.elf
nios2-elf-g++  -T'../blinky-sw_bsp//linker.x' -msys-crt0='../blinky-sw_bsp//obj/HAL/src/crt0.o' -msys-lib=hal_bsp -L../blinky-sw_bsp/   -Wl,-Map=blinky-sw.map   -O0 -g -Wall   -mno-hw-div -mno-hw-mul -mno-hw-mulx -mgpopt=global  -o blinky-sw.elf obj/default/blinky.o -lm -msys-lib=m
nios2-elf-insert blinky-sw.elf --thread_model hal --cpu_name cpu --qsys true --simulation_enabled false --stderr_dev jtag_uart --stdin_dev jtag_uart --stdout_dev jtag_uart --sopc_system_name blinky --quartus_project_dir "C:/Users/nlinthacum/Desktop/NIOSII_Project_CPEN_430" --jdi ../..//output_files/chip.jdi --sopcinfo C:/Users/nlinthacum/Desktop/NIOSII_Project_CPEN_430/software/blinky-sw_bsp/../../blinky.sopcinfo
Info: (blinky-sw.elf) 31 KBytes program size (code + initialized data).
Info:                 26 KBytes free for stack + heap.
Info: Creating blinky-sw.objdump
nios2-elf-objdump --disassemble --syms --all-header --source blinky-sw.elf >blinky-sw.objdump
[blinky-sw build complete]
14:19:20 **** Incremental Build of configuration Nios II for project blinky-sw ****
make all 
Info: Building ../blinky-sw_bsp/
C:/intelFPGA/18.0/nios2eds/bin/gnu/H-x86_64-mingw32/bin/make --no-print-directory -C ../blinky-sw_bsp/
[BSP build complete]
Info: Compiling blinky.c to obj/default/blinky.o
nios2-elf-gcc -xc -MP -MMD -c -I../blinky-sw_bsp//HAL/inc -I../blinky-sw_bsp/ -I../blinky-sw_bsp//drivers/inc  -pipe -D__hal__ -DALT_NO_INSTRUCTION_EMULATION -DALT_SINGLE_THREADED    -O0 -g -Wall   -mno-hw-div -mno-hw-mul -mno-hw-mulx -mgpopt=global  -o obj/default/blinky.o blinky.c
blinky.c: In function 'main':
blinky.c:66:6: warning: unused variable 'card_val' [-Wunused-variable]
  int card_val;
      ^
blinky.c:64:6: warning: unused variable 'led_pattern' [-Wunused-variable]
  int led_pattern=0x0;
      ^
blinky.c:63:6: warning: unused variable 'delay' [-Wunused-variable]
  int delay;
      ^
blinky.c: In function 'generateRandomCard':
blinky.c:251:9: warning: implicit declaration of function 'abs' [-Wimplicit-function-declaration]
  return abs(random_num %52);
         ^
Info: Linking blinky-sw.elf
nios2-elf-g++  -T'../blinky-sw_bsp//linker.x' -msys-crt0='../blinky-sw_bsp//obj/HAL/src/crt0.o' -msys-lib=hal_bsp -L../blinky-sw_bsp/   -Wl,-Map=blinky-sw.map   -O0 -g -Wall   -mno-hw-div -mno-hw-mul -mno-hw-mulx -mgpopt=global  -o blinky-sw.elf obj/default/blinky.o -lm -msys-lib=m
nios2-elf-insert blinky-sw.elf --thread_model hal --cpu_name cpu --qsys true --simulation_enabled false --stderr_dev jtag_uart --stdin_dev jtag_uart --stdout_dev jtag_uart --sopc_system_name blinky --quartus_project_dir "C:/Users/nlinthacum/Desktop/NIOSII_Project_CPEN_430" --jdi ../..//output_files/chip.jdi --sopcinfo C:/Users/nlinthacum/Desktop/NIOSII_Project_CPEN_430/software/blinky-sw_bsp/../../blinky.sopcinfo
Info: (blinky-sw.elf) 31 KBytes program size (code + initialized data).
Info:                 26 KBytes free for stack + heap.
Info: Creating blinky-sw.objdump
nios2-elf-objdump --disassemble --syms --all-header --source blinky-sw.elf >blinky-sw.objdump
[blinky-sw build complete]
14:19:47 **** Incremental Build of configuration Nios II for project blinky-sw ****
make all 
Info: Building ../blinky-sw_bsp/
C:/intelFPGA/18.0/nios2eds/bin/gnu/H-x86_64-mingw32/bin/make --no-print-directory -C ../blinky-sw_bsp/
[BSP build complete]
Info: Compiling blinky.c to obj/default/blinky.o
nios2-elf-gcc -xc -MP -MMD -c -I../blinky-sw_bsp//HAL/inc -I../blinky-sw_bsp/ -I../blinky-sw_bsp//drivers/inc  -pipe -D__hal__ -DALT_NO_INSTRUCTION_EMULATION -DALT_SINGLE_THREADED    -O0 -g -Wall   -mno-hw-div -mno-hw-mul -mno-hw-mulx -mgpopt=global  -o obj/default/blinky.o blinky.c
blinky.c: In function 'main':
blinky.c:66:6: warning: unused variable 'card_val' [-Wunused-variable]
  int card_val;
      ^
blinky.c:64:6: warning: unused variable 'led_pattern' [-Wunused-variable]
  int led_pattern=0x0;
      ^
blinky.c:63:6: warning: unused variable 'delay' [-Wunused-variable]
  int delay;
      ^
blinky.c: In function 'generateRandomCard':
blinky.c:251:9: warning: implicit declaration of function 'abs' [-Wimplicit-function-declaration]
  return abs(random_num %52);
         ^
Info: Linking blinky-sw.elf
nios2-elf-g++  -T'../blinky-sw_bsp//linker.x' -msys-crt0='../blinky-sw_bsp//obj/HAL/src/crt0.o' -msys-lib=hal_bsp -L../blinky-sw_bsp/   -Wl,-Map=blinky-sw.map   -O0 -g -Wall   -mno-hw-div -mno-hw-mul -mno-hw-mulx -mgpopt=global  -o blinky-sw.elf obj/default/blinky.o -lm -msys-lib=m
nios2-elf-insert blinky-sw.elf --thread_model hal --cpu_name cpu --qsys true --simulation_enabled false --stderr_dev jtag_uart --stdin_dev jtag_uart --stdout_dev jtag_uart --sopc_system_name blinky --quartus_project_dir "C:/Users/nlinthacum/Desktop/NIOSII_Project_CPEN_430" --jdi ../..//output_files/chip.jdi --sopcinfo C:/Users/nlinthacum/Desktop/NIOSII_Project_CPEN_430/software/blinky-sw_bsp/../../blinky.sopcinfo
Info: (blinky-sw.elf) 31 KBytes program size (code + initialized data).
Info:                 26 KBytes free for stack + heap.
Info: Creating blinky-sw.objdump
nios2-elf-objdump --disassemble --syms --all-header --source blinky-sw.elf >blinky-sw.objdump
[blinky-sw build complete]
14:31:53 **** Incremental Build of configuration Nios II for project blinky-sw ****
make all 
Info: Building ../blinky-sw_bsp/
C:/intelFPGA/18.0/nios2eds/bin/gnu/H-x86_64-mingw32/bin/make --no-print-directory -C ../blinky-sw_bsp/
[BSP build complete]
Info: Compiling blinky.c to obj/default/blinky.o
nios2-elf-gcc -xc -MP -MMD -c -I../blinky-sw_bsp//HAL/inc -I../blinky-sw_bsp/ -I../blinky-sw_bsp//drivers/inc  -pipe -D__hal__ -DALT_NO_INSTRUCTION_EMULATION -DALT_SINGLE_THREADED    -O0 -g -Wall   -mno-hw-div -mno-hw-mul -mno-hw-mulx -mgpopt=global  -o obj/default/blinky.o blinky.c
blinky.c: In function 'main':
blinky.c:86:3: warning: implicit declaration of function 'update_GLED' [-Wimplicit-function-declaration]
   update_GLED(IORD_ALTERA_AVALON_PIO_DATA(KEYS_BASE));
   ^
blinky.c:66:6: warning: unused variable 'card_val' [-Wunused-variable]
  int card_val;
      ^
blinky.c:64:6: warning: unused variable 'led_pattern' [-Wunused-variable]
  int led_pattern=0x0;
      ^
blinky.c:63:6: warning: unused variable 'delay' [-Wunused-variable]
  int delay;
      ^
blinky.c:62:6: warning: unused variable 'key_data' [-Wunused-variable]
  int key_data;
      ^
blinky.c: At top level:
blinky.c:103:6: warning: conflicting types for 'update_GLED'
 void update_GLED(int key_data) {
      ^
blinky.c:86:3: note: previous implicit declaration of 'update_GLED' was here
   update_GLED(IORD_ALTERA_AVALON_PIO_DATA(KEYS_BASE));
   ^
blinky.c: In function 'generateRandomCard':
blinky.c:250:9: warning: implicit declaration of function 'abs' [-Wimplicit-function-declaration]
  return abs(random_num %52);
         ^
Info: Linking blinky-sw.elf
nios2-elf-g++  -T'../blinky-sw_bsp//linker.x' -msys-crt0='../blinky-sw_bsp//obj/HAL/src/crt0.o' -msys-lib=hal_bsp -L../blinky-sw_bsp/   -Wl,-Map=blinky-sw.map   -O0 -g -Wall   -mno-hw-div -mno-hw-mul -mno-hw-mulx -mgpopt=global  -o blinky-sw.elf obj/default/blinky.o -lm -msys-lib=m
nios2-elf-insert blinky-sw.elf --thread_model hal --cpu_name cpu --qsys true --simulation_enabled false --stderr_dev jtag_uart --stdin_dev jtag_uart --stdout_dev jtag_uart --sopc_system_name blinky --quartus_project_dir "C:/Users/nlinthacum/Desktop/NIOSII_Project_CPEN_430" --jdi ../..//output_files/chip.jdi --sopcinfo C:/Users/nlinthacum/Desktop/NIOSII_Project_CPEN_430/software/blinky-sw_bsp/../../blinky.sopcinfo
Info: (blinky-sw.elf) 31 KBytes program size (code + initialized data).
Info:                 26 KBytes free for stack + heap.
Info: Creating blinky-sw.objdump
nios2-elf-objdump --disassemble --syms --all-header --source blinky-sw.elf >blinky-sw.objdump
[blinky-sw build complete]
14:34:24 **** Incremental Build of configuration Nios II for project blinky-sw ****
make all 
Info: Building ../blinky-sw_bsp/
C:/intelFPGA/18.0/nios2eds/bin/gnu/H-x86_64-mingw32/bin/make --no-print-directory -C ../blinky-sw_bsp/
[BSP build complete]
Info: Compiling blinky.c to obj/default/blinky.o
nios2-elf-gcc -xc -MP -MMD -c -I../blinky-sw_bsp//HAL/inc -I../blinky-sw_bsp/ -I../blinky-sw_bsp//drivers/inc  -pipe -D__hal__ -DALT_NO_INSTRUCTION_EMULATION -DALT_SINGLE_THREADED    -O0 -g -Wall   -mno-hw-div -mno-hw-mul -mno-hw-mulx -mgpopt=global  -o obj/default/blinky.o blinky.c
blinky.c: In function 'main':
blinky.c:86:3: warning: implicit declaration of function 'update_GLED' [-Wimplicit-function-declaration]
   update_GLED(IORD_ALTERA_AVALON_PIO_DATA(KEYS_BASE));
   ^
blinky.c:87:3: warning: implicit declaration of function 'update_RLED' [-Wimplicit-function-declaration]
   update_RLED(IORD_ALTERA_AVALON_PIO_DATA(SWITCHES_BASE));
   ^
blinky.c:66:6: warning: unused variable 'card_val' [-Wunused-variable]
  int card_val;
      ^
blinky.c:64:6: warning: unused variable 'led_pattern' [-Wunused-variable]
  int led_pattern=0x0;
      ^
blinky.c:63:6: warning: unused variable 'delay' [-Wunused-variable]
  int delay;
      ^
blinky.c:62:6: warning: unused variable 'key_data' [-Wunused-variable]
  int key_data;
      ^
blinky.c:61:6: warning: unused variable 'switch_data' [-Wunused-variable]
  int switch_data;
      ^
blinky.c: At top level:
blinky.c:104:6: warning: conflicting types for 'update_GLED'
 void update_GLED(int key_data){
      ^
blinky.c:86:3: note: previous implicit declaration of 'update_GLED' was here
   update_GLED(IORD_ALTERA_AVALON_PIO_DATA(KEYS_BASE));
   ^
blinky.c:120:6: warning: conflicting types for 'update_RLED'
 void update_RLED(int switch_data) {
      ^
blinky.c:87:3: note: previous implicit declaration of 'update_RLED' was here
   update_RLED(IORD_ALTERA_AVALON_PIO_DATA(SWITCHES_BASE));
   ^
blinky.c: In function 'generateRandomCard':
blinky.c:251:9: warning: implicit declaration of function 'abs' [-Wimplicit-function-declaration]
  return abs(random_num %52);
         ^
Info: Linking blinky-sw.elf
nios2-elf-g++  -T'../blinky-sw_bsp//linker.x' -msys-crt0='../blinky-sw_bsp//obj/HAL/src/crt0.o' -msys-lib=hal_bsp -L../blinky-sw_bsp/   -Wl,-Map=blinky-sw.map   -O0 -g -Wall   -mno-hw-div -mno-hw-mul -mno-hw-mulx -mgpopt=global  -o blinky-sw.elf obj/default/blinky.o -lm -msys-lib=m
nios2-elf-insert blinky-sw.elf --thread_model hal --cpu_name cpu --qsys true --simulation_enabled false --stderr_dev jtag_uart --stdin_dev jtag_uart --stdout_dev jtag_uart --sopc_system_name blinky --quartus_project_dir "C:/Users/nlinthacum/Desktop/NIOSII_Project_CPEN_430" --jdi ../..//output_files/chip.jdi --sopcinfo C:/Users/nlinthacum/Desktop/NIOSII_Project_CPEN_430/software/blinky-sw_bsp/../../blinky.sopcinfo
Info: (blinky-sw.elf) 31 KBytes program size (code + initialized data).
Info:                 26 KBytes free for stack + heap.
Info: Creating blinky-sw.objdump
nios2-elf-objdump --disassemble --syms --all-header --source blinky-sw.elf >blinky-sw.objdump
[blinky-sw build complete]
14:37:14 **** Incremental Build of configuration Nios II for project blinky-sw ****
make all 
Info: Building ../blinky-sw_bsp/
C:/intelFPGA/18.0/nios2eds/bin/gnu/H-x86_64-mingw32/bin/make --no-print-directory -C ../blinky-sw_bsp/
[BSP build complete]
Info: Compiling blinky.c to obj/default/blinky.o
nios2-elf-gcc -xc -MP -MMD -c -I../blinky-sw_bsp//HAL/inc -I../blinky-sw_bsp/ -I../blinky-sw_bsp//drivers/inc  -pipe -D__hal__ -DALT_NO_INSTRUCTION_EMULATION -DALT_SINGLE_THREADED    -O0 -g -Wall   -mno-hw-div -mno-hw-mul -mno-hw-mulx -mgpopt=global  -o obj/default/blinky.o blinky.c
blinky.c: In function 'main':
blinky.c:89:3: warning: implicit declaration of function 'update_GLED' [-Wimplicit-function-declaration]
   update_GLED(IORD_ALTERA_AVALON_PIO_DATA(KEYS_BASE));
   ^
blinky.c:90:3: warning: implicit declaration of function 'update_RLED' [-Wimplicit-function-declaration]
   update_RLED(IORD_ALTERA_AVALON_PIO_DATA(SWITCHES_BASE));
   ^
blinky.c:66:6: warning: unused variable 'card_val' [-Wunused-variable]
  int card_val;
      ^
blinky.c:64:6: warning: unused variable 'led_pattern' [-Wunused-variable]
  int led_pattern=0x0;
      ^
blinky.c:63:6: warning: unused variable 'delay' [-Wunused-variable]
  int delay;
      ^
blinky.c:62:6: warning: unused variable 'key_data' [-Wunused-variable]
  int key_data;
      ^
blinky.c:61:6: warning: unused variable 'switch_data' [-Wunused-variable]
  int switch_data;
      ^
blinky.c: At top level:
blinky.c:108:6: warning: conflicting types for 'update_GLED'
 void update_GLED(int key_data){
      ^
blinky.c:89:3: note: previous implicit declaration of 'update_GLED' was here
   update_GLED(IORD_ALTERA_AVALON_PIO_DATA(KEYS_BASE));
   ^
blinky.c:127:6: warning: conflicting types for 'update_RLED'
 void update_RLED(int switch_data) {
      ^
blinky.c:90:3: note: previous implicit declaration of 'update_RLED' was here
   update_RLED(IORD_ALTERA_AVALON_PIO_DATA(SWITCHES_BASE));
   ^
blinky.c: In function 'generateRandomCard':
blinky.c:258:9: warning: implicit declaration of function 'abs' [-Wimplicit-function-declaration]
  return abs(random_num %52);
         ^
Info: Linking blinky-sw.elf
nios2-elf-g++  -T'../blinky-sw_bsp//linker.x' -msys-crt0='../blinky-sw_bsp//obj/HAL/src/crt0.o' -msys-lib=hal_bsp -L../blinky-sw_bsp/   -Wl,-Map=blinky-sw.map   -O0 -g -Wall   -mno-hw-div -mno-hw-mul -mno-hw-mulx -mgpopt=global  -o blinky-sw.elf obj/default/blinky.o -lm -msys-lib=m
nios2-elf-insert blinky-sw.elf --thread_model hal --cpu_name cpu --qsys true --simulation_enabled false --stderr_dev jtag_uart --stdin_dev jtag_uart --stdout_dev jtag_uart --sopc_system_name blinky --quartus_project_dir "C:/Users/nlinthacum/Desktop/NIOSII_Project_CPEN_430" --jdi ../..//output_files/chip.jdi --sopcinfo C:/Users/nlinthacum/Desktop/NIOSII_Project_CPEN_430/software/blinky-sw_bsp/../../blinky.sopcinfo
Info: (blinky-sw.elf) 31 KBytes program size (code + initialized data).
Info:                 26 KBytes free for stack + heap.
Info: Creating blinky-sw.objdump
nios2-elf-objdump --disassemble --syms --all-header --source blinky-sw.elf >blinky-sw.objdump
[blinky-sw build complete]
